{
  "RSpec": {
    "coverage": {
      "/home/dafon/Documents/Projects/rails/pet_shop_scheduling_api/config/environment.rb": {
        "lines": [
          null,
          1,
          null,
          null,
          1
        ]
      },
      "/home/dafon/Documents/Projects/rails/pet_shop_scheduling_api/config/application.rb": {
        "lines": [
          1,
          null,
          1,
          null,
          null,
          null,
          1,
          null,
          1,
          1,
          null,
          1,
          null,
          null,
          null,
          null,
          1,
          null,
          null,
          null,
          null,
          null,
          null,
          null,
          null,
          null,
          null,
          null,
          null,
          1,
          null,
          null
        ]
      },
      "/home/dafon/Documents/Projects/rails/pet_shop_scheduling_api/config/boot.rb": {
        "lines": [
          1,
          null,
          1,
          1
        ]
      },
      "/home/dafon/Documents/Projects/rails/pet_shop_scheduling_api/config/environments/test.rb": {
        "lines": [
          1,
          null,
          null,
          null,
          null,
          null,
          null,
          1,
          null,
          null,
          null,
          1,
          null,
          null,
          null,
          null,
          null,
          1,
          null,
          null,
          1,
          1,
          null,
          null,
          null,
          null,
          1,
          1,
          1,
          null,
          null,
          1,
          null,
          null,
          1,
          null,
          null,
          1,
          null,
          1,
          null,
          null,
          null,
          null,
          1,
          null,
          null,
          1,
          null,
          null,
          1,
          null,
          null,
          1,
          null,
          null,
          null,
          null,
          null,
          null,
          null,
          null,
          1,
          null
        ]
      },
      "/home/dafon/Documents/Projects/rails/pet_shop_scheduling_api/config/initializers/cors.rb": {
        "lines": [
          null,
          null,
          null,
          null,
          null,
          null,
          null,
          null,
          null,
          null,
          null,
          null,
          null,
          null,
          null,
          null
        ]
      },
      "/home/dafon/Documents/Projects/rails/pet_shop_scheduling_api/config/initializers/filter_parameter_logging.rb": {
        "lines": [
          null,
          null,
          null,
          null,
          null,
          1,
          null,
          null
        ]
      },
      "/home/dafon/Documents/Projects/rails/pet_shop_scheduling_api/config/initializers/inflections.rb": {
        "lines": [
          1,
          1,
          null
        ]
      },
      "/home/dafon/Documents/Projects/rails/pet_shop_scheduling_api/config/routes.rb": {
        "lines": [
          1,
          1,
          1,
          null,
          null
        ]
      },
      "/home/dafon/Documents/Projects/rails/pet_shop_scheduling_api/app/models/pet.rb": {
        "lines": [
          1,
          1,
          1,
          null,
          2,
          2,
          2,
          null
        ]
      },
      "/home/dafon/Documents/Projects/rails/pet_shop_scheduling_api/app/models/application_record.rb": {
        "lines": [
          1,
          1,
          null
        ]
      }
    },
    "timestamp": 1700080806
  }
}
