{
  "RSpec": {
    "coverage": {
      "/home/dafon/Documents/Projects/rails/pet_shop_scheduling_api/config/environment.rb": {
        "lines": [
          null,
          1,
          null,
          null,
          1
        ]
      },
      "/home/dafon/Documents/Projects/rails/pet_shop_scheduling_api/config/application.rb": {
        "lines": [
          1,
          null,
          1,
          null,
          null,
          null,
          1,
          null,
          1,
          1,
          null,
          1,
          null,
          null,
          null,
          null,
          1,
          null,
          null,
          null,
          null,
          null,
          null,
          null,
          null,
          null,
          null,
          null,
          null,
          1,
          null,
          null
        ]
      },
      "/home/dafon/Documents/Projects/rails/pet_shop_scheduling_api/config/boot.rb": {
        "lines": [
          1,
          null,
          1,
          1
        ]
      },
      "/home/dafon/Documents/Projects/rails/pet_shop_scheduling_api/config/environments/test.rb": {
        "lines": [
          1,
          null,
          null,
          null,
          null,
          null,
          null,
          1,
          null,
          null,
          null,
          1,
          null,
          null,
          null,
          null,
          null,
          1,
          null,
          null,
          1,
          1,
          null,
          null,
          null,
          null,
          1,
          1,
          1,
          null,
          null,
          1,
          null,
          null,
          1,
          null,
          null,
          1,
          null,
          1,
          null,
          null,
          null,
          null,
          1,
          null,
          null,
          1,
          null,
          null,
          1,
          null,
          null,
          1,
          null,
          null,
          null,
          null,
          null,
          null,
          null,
          null,
          1,
          null
        ]
      },
      "/home/dafon/Documents/Projects/rails/pet_shop_scheduling_api/config/initializers/cors.rb": {
        "lines": [
          null,
          null,
          null,
          null,
          null,
          null,
          null,
          null,
          null,
          null,
          null,
          null,
          null,
          null,
          null,
          null
        ]
      },
      "/home/dafon/Documents/Projects/rails/pet_shop_scheduling_api/config/initializers/filter_parameter_logging.rb": {
        "lines": [
          null,
          null,
          null,
          null,
          null,
          1,
          null,
          null
        ]
      },
      "/home/dafon/Documents/Projects/rails/pet_shop_scheduling_api/config/initializers/inflections.rb": {
        "lines": [
          1,
          1,
          null
        ]
      },
      "/home/dafon/Documents/Projects/rails/pet_shop_scheduling_api/config/routes.rb": {
        "lines": [
          1,
          1,
          1,
          null,
          null
        ]
      },
      "/home/dafon/Documents/Projects/rails/pet_shop_scheduling_api/app/models/pet.rb": {
        "lines": [
          1,
          1,
          1,
          null,
          2,
          2,
          2,
          null
        ]
      },
      "/home/dafon/Documents/Projects/rails/pet_shop_scheduling_api/app/models/application_record.rb": {
        "lines": [
          1,
          1,
          null
        ]
      },
      "/home/dafon/Documents/Projects/rails/pet_shop_scheduling_api/spec/routing/pets_routing_spec.rb": {
        "lines": [
          1,
          null,
          1,
          2,
          2,
          null,
          2,
          2,
          null,
          2,
          null,
          2,
          null,
          null,
          null,
          null,
          null,
          null,
          null,
          null,
          null,
          null,
          null,
          null,
          null,
          null,
          null,
          null,
          null,
          null,
          null,
          null,
          null,
          null,
          null,
          null,
          null,
          null
        ]
      },
      "/home/dafon/Documents/Projects/rails/pet_shop_scheduling_api/app/controllers/api/pets_controller.rb": {
        "lines": [
          1,
          1,
          null,
          1,
          1,
          null,
          null,
          1,
          0,
          null,
          0,
          null,
          null,
          null,
          1,
          0,
          null,
          null,
          null,
          1,
          0,
          null,
          0,
          0,
          null,
          0,
          null,
          null,
          null,
          null,
          1,
          0,
          0,
          null,
          0,
          null,
          null,
          null,
          null,
          1,
          0,
          null,
          null,
          1,
          null,
          null,
          1,
          0,
          null,
          null,
          null,
          1,
          0,
          null,
          null
        ]
      },
      "/home/dafon/Documents/Projects/rails/pet_shop_scheduling_api/app/controllers/application_controller.rb": {
        "lines": [
          1,
          null
        ]
      },
      "/home/dafon/Documents/Projects/rails/pet_shop_scheduling_api/app/controllers/concerns/authenticable.rb": {
        "lines": [
          1,
          1,
          null,
          1,
          0,
          null,
          0,
          0,
          null,
          null,
          null,
          1,
          0,
          null,
          null
        ]
      }
    },
    "timestamp": 1700089294
  }
}
